#
# There is insufficient memory for the Java Runtime Environment to continue.
# Native memory allocation (malloc) failed to allocate 837136 bytes for Chunk::new
# Possible reasons:
#   The system is out of physical RAM or swap space
#   The process is running with CompressedOops enabled, and the Java Heap may be blocking the growth of the native heap
# Possible solutions:
#   Reduce memory load on the system
#   Increase physical memory or swap space
#   Check if swap backing store is full
#   Decrease Java heap size (-Xmx/-Xms)
#   Decrease number of Java threads
#   Decrease Java thread stack sizes (-Xss)
#   Set larger code cache with -XX:ReservedCodeCacheSize=
#   JVM is running with Unscaled Compressed Oops mode in which the Java heap is
#     placed in the first 4GB address space. The Java Heap base address is the
#     maximum limit for the native heap growth. Please use -XX:HeapBaseMinAddress
#     to set the Java Heap base and to place the Java Heap above 4GB virtual address.
# This output file may be truncated or incomplete.
#
#  Out of Memory Error (allocation.cpp:389), pid=14680, tid=0x0000000000004910
#
# JRE version: OpenJDK Runtime Environment (8.0_242-b01) (build 1.8.0_242-release-1644-b01)
# Java VM: OpenJDK 64-Bit Server VM (25.242-b01 mixed mode windows-amd64 compressed oops)
# Failed to write core dump. Minidumps are not enabled by default on client versions of Windows
#

---------------  T H R E A D  ---------------

Current thread (0x00000000193e3800):  JavaThread "C2 CompilerThread1" daemon [_thread_in_native, id=18704, stack(0x0000000019db0000,0x0000000019eb0000)]

Stack: [0x0000000019db0000,0x0000000019eb0000]
[error occurred during error reporting (printing stack bounds), id 0xc0000005]

Native frames: (J=compiled Java code, j=interpreted, Vv=VM code, C=native code)


Current CompileTask:
C2: 133113 13581       4       com.android.tools.r8.ir.conversion.o::a (366 bytes)


---------------  P R O C E S S  ---------------

Java Threads: ( => current thread )
  0x000000001dcab800 JavaThread "Cache worker for execution history cache (C:\Users\Kartik\AndroidStudioProjects \RollsRoyce\.gradle\6.1.1\executionHistory)" [_thread_blocked, id=364, stack(0x0000000025520000,0x0000000025620000)]
  0x000000001dcae800 JavaThread "Execution worker for ':' Thread 7" [_thread_in_Java, id=23572, stack(0x0000000025220000,0x0000000025320000)]
  0x000000001dcac000 JavaThread "Execution worker for ':' Thread 6" [_thread_in_native, id=16560, stack(0x0000000025120000,0x0000000025220000)]
  0x000000001dcad800 JavaThread "Execution worker for ':' Thread 5" [_thread_in_Java, id=660, stack(0x0000000025020000,0x0000000025120000)]
  0x000000001dcaa000 JavaThread "Execution worker for ':' Thread 4" [_thread_in_Java, id=3412, stack(0x0000000024f20000,0x0000000025020000)]
  0x000000001dcad000 JavaThread "Execution worker for ':' Thread 3" [_thread_blocked, id=2584, stack(0x0000000024e20000,0x0000000024f20000)]
  0x000000001dca4800 JavaThread "Execution worker for ':' Thread 2" [_thread_blocked, id=24092, stack(0x0000000024d20000,0x0000000024e20000)]
  0x000000001dca6000 JavaThread "Execution worker for ':'" [_thread_blocked, id=22584, stack(0x0000000024c20000,0x0000000024d20000)]
  0x000000001d46b800 JavaThread "Cache worker for file content cache (C:\Users\Kartik\AndroidStudioProjects \RollsRoyce\.gradle\6.1.1\fileContent)" [_thread_blocked, id=22556, stack(0x0000000024720000,0x0000000024820000)]
  0x000000001d46b000 JavaThread "Cache worker for file content cache (C:\Users\Kartik\.gradle\caches\6.1.1\fileContent)" [_thread_blocked, id=19448, stack(0x00000000243e0000,0x00000000244e0000)]
  0x000000001d46e800 JavaThread "Memory manager" [_thread_blocked, id=12348, stack(0x000000001cb00000,0x000000001cc00000)]
  0x000000001d46a000 JavaThread "Cache worker for Build Output Cleanup Cache (C:\Users\Kartik\AndroidStudioProjects \RollsRoyce\.gradle\buildOutputCleanup)" [_thread_blocked, id=23448, stack(0x00000000237e0000,0x00000000238e0000)]
  0x000000001d462800 JavaThread "pool-1-thread-1" [_thread_blocked, id=3444, stack(0x00000000236e0000,0x00000000237e0000)]
  0x000000001d469800 JavaThread "Build operations Thread 8" [_thread_blocked, id=19956, stack(0x00000000231e0000,0x00000000232e0000)]
  0x000000001d461000 JavaThread "Build operations Thread 7" [_thread_blocked, id=5580, stack(0x00000000230e0000,0x00000000231e0000)]
  0x000000001d462000 JavaThread "Build operations Thread 6" [_thread_blocked, id=21660, stack(0x0000000022fe0000,0x00000000230e0000)]
  0x000000001d468000 JavaThread "Build operations Thread 5" [_thread_blocked, id=16816, stack(0x0000000022ee0000,0x0000000022fe0000)]
  0x000000001d463800 JavaThread "Build operations Thread 4" [_thread_blocked, id=9060, stack(0x0000000022de0000,0x0000000022ee0000)]
  0x000000001d460800 JavaThread "Build operations Thread 3" [_thread_blocked, id=21800, stack(0x0000000022ce0000,0x0000000022de0000)]
  0x000000001d467000 JavaThread "Build operations Thread 2" [_thread_blocked, id=700, stack(0x0000000022be0000,0x0000000022ce0000)]
  0x000000001d465800 JavaThread "Build operations" [_thread_blocked, id=11364, stack(0x00000000226a0000,0x00000000227a0000)]
  0x000000001b262000 JavaThread "Cache worker for execution history cache (C:\Users\Kartik\.gradle\caches\6.1.1\executionHistory)" [_thread_blocked, id=8708, stack(0x0000000020bd0000,0x0000000020cd0000)]
  0x000000001b265800 JavaThread "Cache worker for cache directory md-rule (C:\Users\Kartik\.gradle\caches\6.1.1\md-rule)" [_thread_blocked, id=11036, stack(0x0000000020ad0000,0x0000000020bd0000)]
  0x000000001b265000 JavaThread "Cache worker for cache directory md-supplier (C:\Users\Kartik\.gradle\caches\6.1.1\md-supplier)" [_thread_blocked, id=24492, stack(0x00000000209d0000,0x0000000020ad0000)]
  0x000000001b25f000 JavaThread "Cache worker for file hash cache (C:\Users\Kartik\AndroidStudioProjects \RollsRoyce\.gradle\6.1.1\fileHashes)" [_thread_blocked, id=18216, stack(0x00000000204d0000,0x00000000205d0000)]
  0x000000001b263800 JavaThread "Cache worker for checksums cache (C:\Users\Kartik\AndroidStudioProjects \RollsRoyce\.gradle\checksums)" [_thread_blocked, id=12420, stack(0x00000000203d0000,0x00000000204d0000)]
  0x000000001b262800 JavaThread "Cache worker for file hash cache (C:\Users\Kartik\.gradle\caches\6.1.1\fileHashes)" [_thread_blocked, id=4412, stack(0x00000000200d0000,0x00000000201d0000)]
  0x000000001b260800 JavaThread "File lock request listener" [_thread_in_native, id=12336, stack(0x000000001fe70000,0x000000001ff70000)]
  0x000000001b093800 JavaThread "Cache worker for journal cache (C:\Users\Kartik\.gradle\caches\journal-1)" [_thread_blocked, id=18016, stack(0x000000001ffd0000,0x00000000200d0000)]
  0x000000001b0b0000 JavaThread "Thread-9" [_thread_blocked, id=23440, stack(0x000000001cc00000,0x000000001cd00000)]
  0x000000001b0ae000 JavaThread "Asynchronous log dispatcher for DefaultDaemonConnection: socket connection from /127.0.0.1:51190 to /127.0.0.1:51191" [_thread_blocked, id=18032, stack(0x000000001ca00000,0x000000001cb00000)]
  0x000000001b25c800 JavaThread "Daemon worker" [_thread_in_Java, id=21460, stack(0x000000001c900000,0x000000001ca00000)]
  0x000000001b25b800 JavaThread "Cancel handler" [_thread_blocked, id=16476, stack(0x000000001c800000,0x000000001c900000)]
  0x00000000195fa000 JavaThread "Handler for socket connection from /127.0.0.1:51190 to /127.0.0.1:51191" [_thread_in_native, id=6496, stack(0x000000001c500000,0x000000001c600000)]
  0x00000000195f9000 JavaThread "Daemon" [_thread_blocked, id=7564, stack(0x000000001c400000,0x000000001c500000)]
  0x000000001a8d6000 JavaThread "Daemon periodic checks" [_thread_blocked, id=9736, stack(0x000000001c300000,0x000000001c400000)]
  0x000000001a8d4000 JavaThread "Incoming local TCP Connector on port 51190" [_thread_in_native, id=10880, stack(0x000000001c0c0000,0x000000001c1c0000)]
  0x000000001b1f2000 JavaThread "Daemon health stats" [_thread_blocked, id=24024, stack(0x000000001ba80000,0x000000001bb80000)]
  0x000000001946f800 JavaThread "Service Thread" daemon [_thread_blocked, id=9812, stack(0x000000001a0b0000,0x000000001a1b0000)]
  0x000000001942d000 JavaThread "C1 CompilerThread3" daemon [_thread_in_vm, id=13900, stack(0x0000000019fb0000,0x000000001a0b0000)]
  0x00000000193ea800 JavaThread "C2 CompilerThread2" daemon [_thread_in_native, id=12304, stack(0x0000000019eb0000,0x0000000019fb0000)]
=>0x00000000193e3800 JavaThread "C2 CompilerThread1" daemon [_thread_in_native, id=18704, stack(0x0000000019db0000,0x0000000019eb0000)]
  0x00000000193e0800 JavaThread "C2 CompilerThread0" daemon [_thread_in_native, id=6004, stack(0x0000000019cb0000,0x0000000019db0000)]
  0x00000000193df000 JavaThread "Attach Listener" daemon [_thread_blocked, id=16720, stack(0x0000000019bb0000,0x0000000019cb0000)]
  0x00000000193de000 JavaThread "Signal Dispatcher" daemon [_thread_blocked, id=20300, stack(0x0000000019ab0000,0x0000000019bb0000)]
  0x00000000193d0800 JavaThread "Finalizer" daemon [_thread_blocked, id=19276, stack(0x00000000198b0000,0x00000000199b0000)]
  0x0000000002537000 JavaThread "Reference Handler" daemon [_thread_blocked, id=3636, stack(0x00000000197b0000,0x00000000198b0000)]
  0x000000000241d800 JavaThread "main" [_thread_blocked, id=10276, stack(0x00000000022e0000,0x00000000023e0000)]

Other Threads:
  0x00000000175d6000 VMThread [stack: 0x00000000192b0000,0x00000000193b0000] [id=1360]
  0x0000000019470000 WatcherThread [stack: 0x000000001a1b0000,0x000000001a2b0000] [id=8928]

VM state:not at safepoint (normal execution)

VM Mutex/Monitor currently owned by a thread:  ([mutex/lock_event])
[0x0000000002441850] CompileStatistics_lock - owner thread: 0x000000001942d000

heap address: 0x0000000080000000, size: 2048 MB, Compressed Oops mode: 32-bit
Narrow klass base: 0x0000000000000000, Narrow klass shift: 3
Compressed class space size: 1073741824 Address: 0x0000000100000000

Heap:
 PSYoungGen      total 376320K, used 93462K [0x00000000d5580000, 0x00000000f7780000, 0x0000000100000000)
  eden space 336384K, 25% used [0x00000000d5580000,0x00000000daa4da78,0x00000000e9e00000)
  from space 39936K, 16% used [0x00000000ecd80000,0x00000000ed3f7e78,0x00000000ef480000)
  to   space 48640K, 0% used [0x00000000e9e00000,0x00000000e9e00000,0x00000000ecd80000)
 ParOldGen       total 128000K, used 94586K [0x0000000080000000, 0x0000000087d00000, 0x00000000d5580000)
  object space 128000K, 73% used [0x0000000080000000,0x0000000085c5ebc0,0x0000000087d00000)
 Metaspace       used 73245K, capacity 77592K, committed 78000K, reserved 1116160K
  class space    used 10026K, capacity 10834K, committed 10928K, reserved 1048576K

Card table byte_map: [0x0000000011900000,0x0000000011d10000] byte_map_base: 0x0000000011500000

Marking Bits: (ParMarkBitMap*) 0x000000007691f030
 Begin Bits: [0x00000000127c0000, 0x00000000147c0000)
 End Bits:   [0x00000000147c0000, 0x00000000167c0000)

Polling page: 0x0000000000aa0000

CodeCache: size=245760Kb used=38173Kb max_used=40347Kb free=207586Kb
 bounds [0x0000000002540000, 0x0000000004d40000, 0x0000000011540000]
 total_blobs=11837 nmethods=11024 adapters=724
 compilation: enabled

Compilation events (10 events):
Event: 132.692 Thread 0x00000000193ea800 nmethod 13577 0x00000000044bb450 code [0x00000000044bb940, 0x00000000044be420]
Event: 132.693 Thread 0x00000000193ea800 13590       4       com.android.tools.r8.graph.c0::computeEquals (62 bytes)
Event: 132.710 Thread 0x000000001942d000 13625       2       com.android.tools.r8.u.b.h1::a (30 bytes)
Event: 132.711 Thread 0x000000001942d000 nmethod 13625 0x000000000416a850 code [0x000000000416a9e0, 0x000000000416acb8]
Event: 132.712 Thread 0x000000001942d000 13626       2       com.android.tools.r8.code.O3::<init> (6 bytes)
Event: 132.712 Thread 0x000000001942d000 nmethod 13626 0x000000000416a4d0 code [0x000000000416a640, 0x000000000416a7a8]
Event: 132.718 Thread 0x00000000193ea800 nmethod 13590 0x0000000003cdc6d0 code [0x0000000003cdc840, 0x0000000003cdcf38]
Event: 132.719 Thread 0x00000000193ea800 13604       4       com.android.tools.r8.u.b.n::a (368 bytes)
Event: 132.785 Thread 0x00000000193ea800 nmethod 13604 0x0000000004379510 code [0x00000000043796c0, 0x000000000437a0a8]
Event: 132.787 Thread 0x00000000193ea800 13603       4       com.android.tools.r8.ir.regalloc.a::<init> (167 bytes)

GC Heap History (10 events):
Event: 88.391 GC heap before
{Heap before GC invocations=13 (full 3):
 PSYoungGen      total 235520K, used 214528K [0x00000000d5580000, 0x00000000e9880000, 0x0000000100000000)
  eden space 214528K, 100% used [0x00000000d5580000,0x00000000e2700000,0x00000000e2700000)
  from space 20992K, 0% used [0x00000000e2700000,0x00000000e2700000,0x00000000e3b80000)
  to   space 26624K, 0% used [0x00000000e7e80000,0x00000000e7e80000,0x00000000e9880000)
 ParOldGen       total 128000K, used 39016K [0x0000000080000000, 0x0000000087d00000, 0x00000000d5580000)
  object space 128000K, 30% used [0x0000000080000000,0x000000008261a2a8,0x0000000087d00000)
 Metaspace       used 62322K, capacity 65146K, committed 65328K, reserved 1105920K
  class space    used 8562K, capacity 9161K, committed 9264K, reserved 1048576K
Event: 88.499 GC heap after
Heap after GC invocations=13 (full 3):
 PSYoungGen      total 296960K, used 22310K [0x00000000d5580000, 0x00000000e9780000, 0x0000000100000000)
  eden space 271360K, 0% used [0x00000000d5580000,0x00000000d5580000,0x00000000e5e80000)
  from space 25600K, 87% used [0x00000000e7e80000,0x00000000e9449990,0x00000000e9780000)
  to   space 29184K, 0% used [0x00000000e5e80000,0x00000000e5e80000,0x00000000e7b00000)
 ParOldGen       total 128000K, used 39024K [0x0000000080000000, 0x0000000087d00000, 0x00000000d5580000)
  object space 128000K, 30% used [0x0000000080000000,0x000000008261c2a8,0x0000000087d00000)
 Metaspace       used 62322K, capacity 65146K, committed 65328K, reserved 1105920K
  class space    used 8562K, capacity 9161K, committed 9264K, reserved 1048576K
}
Event: 95.397 GC heap before
{Heap before GC invocations=14 (full 3):
 PSYoungGen      total 296960K, used 293670K [0x00000000d5580000, 0x00000000e9780000, 0x0000000100000000)
  eden space 271360K, 100% used [0x00000000d5580000,0x00000000e5e80000,0x00000000e5e80000)
  from space 25600K, 87% used [0x00000000e7e80000,0x00000000e9449990,0x00000000e9780000)
  to   space 29184K, 0% used [0x00000000e5e80000,0x00000000e5e80000,0x00000000e7b00000)
 ParOldGen       total 128000K, used 39024K [0x0000000080000000, 0x0000000087d00000, 0x00000000d5580000)
  object space 128000K, 30% used [0x0000000080000000,0x000000008261c2a8,0x0000000087d00000)
 Metaspace       used 65994K, capacity 69360K, committed 69424K, reserved 1110016K
  class space    used 9091K, capacity 9772K, committed 9776K, reserved 1048576K
Event: 95.578 GC heap after
Heap after GC invocations=14 (full 3):
 PSYoungGen      total 300544K, used 29181K [0x00000000d5580000, 0x00000000ef480000, 0x0000000100000000)
  eden space 271360K, 0% used [0x00000000d5580000,0x00000000d5580000,0x00000000e5e80000)
  from space 29184K, 99% used [0x00000000e5e80000,0x00000000e7aff580,0x00000000e7b00000)
  to   space 39936K, 0% used [0x00000000ecd80000,0x00000000ecd80000,0x00000000ef480000)
 ParOldGen       total 128000K, used 55943K [0x0000000080000000, 0x0000000087d00000, 0x00000000d5580000)
  object space 128000K, 43% used [0x0000000080000000,0x00000000836a1cb0,0x0000000087d00000)
 Metaspace       used 65994K, capacity 69360K, committed 69424K, reserved 1110016K
  class space    used 9091K, capacity 9772K, committed 9776K, reserved 1048576K
}
Event: 109.137 GC heap before
{Heap before GC invocations=15 (full 3):
 PSYoungGen      total 300544K, used 300541K [0x00000000d5580000, 0x00000000ef480000, 0x0000000100000000)
  eden space 271360K, 100% used [0x00000000d5580000,0x00000000e5e80000,0x00000000e5e80000)
  from space 29184K, 99% used [0x00000000e5e80000,0x00000000e7aff580,0x00000000e7b00000)
  to   space 39936K, 0% used [0x00000000ecd80000,0x00000000ecd80000,0x00000000ef480000)
 ParOldGen       total 128000K, used 55943K [0x0000000080000000, 0x0000000087d00000, 0x00000000d5580000)
  object space 128000K, 43% used [0x0000000080000000,0x00000000836a1cb0,0x0000000087d00000)
 Metaspace       used 72751K, capacity 77004K, committed 77232K, reserved 1116160K
  class space    used 9991K, capacity 10804K, committed 10928K, reserved 1048576K
Event: 111.407 GC heap after
Heap after GC invocations=15 (full 3):
 PSYoungGen      total 376320K, used 39905K [0x00000000d5580000, 0x00000000f2700000, 0x0000000100000000)
  eden space 336384K, 0% used [0x00000000d5580000,0x00000000d5580000,0x00000000e9e00000)
  from space 39936K, 99% used [0x00000000ecd80000,0x00000000ef4785a8,0x00000000ef480000)
  to   space 48640K, 0% used [0x00000000e9e00000,0x00000000e9e00000,0x00000000ecd80000)
 ParOldGen       total 128000K, used 62086K [0x0000000080000000, 0x0000000087d00000, 0x00000000d5580000)
  object space 128000K, 48% used [0x0000000080000000,0x0000000083ca1960,0x0000000087d00000)
 Metaspace       used 72751K, capacity 77004K, committed 77232K, reserved 1116160K
  class space    used 9991K, capacity 10804K, committed 10928K, reserved 1048576K
}
Event: 121.791 GC heap before
{Heap before GC invocations=16 (full 3):
 PSYoungGen      total 376320K, used 376289K [0x00000000d5580000, 0x00000000f2700000, 0x0000000100000000)
  eden space 336384K, 100% used [0x00000000d5580000,0x00000000e9e00000,0x00000000e9e00000)
  from space 39936K, 99% used [0x00000000ecd80000,0x00000000ef4785a8,0x00000000ef480000)
  to   space 48640K, 0% used [0x00000000e9e00000,0x00000000e9e00000,0x00000000ecd80000)
 ParOldGen       total 128000K, used 62086K [0x0000000080000000, 0x0000000087d00000, 0x00000000d5580000)
  object space 128000K, 48% used [0x0000000080000000,0x0000000083ca1960,0x0000000087d00000)
 Metaspace       used 73051K, capacity 77422K, committed 77744K, reserved 1116160K
  class space    used 10018K, capacity 10831K, committed 10928K, reserved 1048576K
Event: 122.240 GC heap after
Heap after GC invocations=16 (full 3):
 PSYoungGen      total 385024K, used 28324K [0x00000000d5580000, 0x00000000f2700000, 0x0000000100000000)
  eden space 336384K, 0% used [0x00000000d5580000,0x00000000d5580000,0x00000000e9e00000)
  from space 48640K, 58% used [0x00000000e9e00000,0x00000000eb9a9008,0x00000000ecd80000)
  to   space 39936K, 0% used [0x00000000ecd80000,0x00000000ecd80000,0x00000000ef480000)
 ParOldGen       total 128000K, used 73703K [0x0000000080000000, 0x0000000087d00000, 0x00000000d5580000)
  object space 128000K, 57% used [0x0000000080000000,0x00000000847f9fe0,0x0000000087d00000)
 Metaspace       used 73051K, capacity 77422K, committed 77744K, reserved 1116160K
  class space    used 10018K, capacity 10831K, committed 10928K, reserved 1048576K
}
Event: 132.224 GC heap before
{Heap before GC invocations=17 (full 3):
 PSYoungGen      total 385024K, used 364708K [0x00000000d5580000, 0x00000000f2700000, 0x0000000100000000)
  eden space 336384K, 100% used [0x00000000d5580000,0x00000000e9e00000,0x00000000e9e00000)
  from space 48640K, 58% used [0x00000000e9e00000,0x00000000eb9a9008,0x00000000ecd80000)
  to   space 39936K, 0% used [0x00000000ecd80000,0x00000000ecd80000,0x00000000ef480000)
 ParOldGen       total 128000K, used 73703K [0x0000000080000000, 0x0000000087d00000, 0x00000000d5580000)
  object space 128000K, 57% used [0x0000000080000000,0x00000000847f9fe0,0x0000000087d00000)
 Metaspace       used 73230K, capacity 77592K, committed 77744K, reserved 1116160K
  class space    used 10025K, capacity 10834K, committed 10928K, reserved 1048576K
Event: 132.495 GC heap after
Heap after GC invocations=17 (full 3):
 PSYoungGen      total 376320K, used 6623K [0x00000000d5580000, 0x00000000f7780000, 0x0000000100000000)
  eden space 336384K, 0% used [0x00000000d5580000,0x00000000d5580000,0x00000000e9e00000)
  from space 39936K, 16% used [0x00000000ecd80000,0x00000000ed3f7e78,0x00000000ef480000)
  to   space 48640K, 0% used [0x00000000e9e00000,0x00000000e9e00000,0x00000000ecd80000)
 ParOldGen       total 128000K, used 94586K [0x0000000080000000, 0x0000000087d00000, 0x00000000d5580000)
  object space 128000K, 73% used [0x0000000080000000,0x0000000085c5ebc0,0x0000000087d00000)
 Metaspace       used 73230K, capacity 77592K, committed 77744K, reserved 1116160K
  class space    used 10025K, capacity 10834K, committed 10928K, reserved 1048576K
}

Deoptimization events (10 events):
Event: 126.788 Thread 0x000000001dca4800 Uncommon trap: reason=unstable_if action=reinterpret pc=0x0000000004608104 method=com.android.tools.r8.ir.analysis.type.m.a(Lcom/android/tools/r8/ir/analysis/type/l;)Lcom/android/tools/r8/ir/analysis/type/o; @ 16
Event: 126.823 Thread 0x000000001dcad800 Uncommon trap: reason=bimorphic action=maybe_recompile pc=0x0000000003fdaab8 method=com.android.tools.r8.ir.optimize.Z.a(Lcom/android/tools/r8/u/b/n;Lcom/android/tools/r8/ir/regalloc/e;Ljava/util/Set;Lcom/android/tools/r8/ir/optimize/C;)V @ 367
Event: 128.668 Thread 0x000000001dcaa000 Uncommon trap: reason=unstable_if action=reinterpret pc=0x0000000003aa18c0 method=java.util.concurrent.ArrayBlockingQueue.enqueue(Ljava/lang/Object;)V @ 25
Event: 129.999 Thread 0x000000001dcaa000 Uncommon trap: reason=class_check action=maybe_recompile pc=0x00000000040946d8 method=com.android.tools.r8.ir.optimize.o.a(Lcom/android/tools/r8/u/b/W;)Z @ 364
Event: 130.001 Thread 0x000000001dcaa000 Uncommon trap: reason=class_check action=maybe_recompile pc=0x00000000040946d8 method=com.android.tools.r8.ir.optimize.o.a(Lcom/android/tools/r8/u/b/W;)Z @ 364
Event: 130.491 Thread 0x000000001dcaa000 Uncommon trap: reason=unstable_if action=reinterpret pc=0x0000000004b41708 method=com.android.tools.r8.graph.e0.c(Lcom/android/tools/r8/graph/e0;)I @ 141
Event: 130.655 Thread 0x000000001dca4800 Uncommon trap: reason=unstable_if action=reinterpret pc=0x0000000003fc661c method=com.android.tools.r8.u.b.n.j()Lcom/android/tools/r8/u/b/n; @ 25
Event: 130.770 Thread 0x000000001dcad800 Uncommon trap: reason=unstable_if action=reinterpret pc=0x0000000004d02a7c method=com.android.tools.r8.ir.conversion.K.a(Lcom/android/tools/r8/u/b/W;)V @ 654
Event: 131.018 Thread 0x000000001dca6000 Uncommon trap: reason=null_check action=make_not_entrant pc=0x0000000002f4efc4 method=com.android.tools.r8.graph.e0.computeEquals(Ljava/lang/Object;)Z @ 1
Event: 131.301 Thread 0x000000001dca6000 Uncommon trap: reason=unstable_if action=reinterpret pc=0x0000000003ccdbe0 method=com.android.tools.r8.dex.m.c(I)V @ 8

Classes redefined (0 events):
No events

Internal exceptions (10 events):
Event: 121.778 Thread 0x000000001dcac000 Exception <a 'sun/nio/fs/WindowsException'> (0x00000000e91a9618) thrown at [C:\src\AOSP-openjdk-git\hotspot\src\share\vm\prims\jni.cpp, line 710]
Event: 122.297 Thread 0x000000001dcae800 Exception <a 'sun/nio/fs/WindowsException'> (0x00000000d56c3da0) thrown at [C:\src\AOSP-openjdk-git\hotspot\src\share\vm\prims\jni.cpp, line 710]
Event: 122.355 Thread 0x000000001dcae800 Exception <a 'sun/nio/fs/WindowsException'> (0x00000000d5c83ec0) thrown at [C:\src\AOSP-openjdk-git\hotspot\src\share\vm\prims\jni.cpp, line 710]
Event: 126.700 Thread 0x000000001dcaa000 Exception <a 'sun/nio/fs/WindowsException'> (0x00000000dc89d6c0) thrown at [C:\src\AOSP-openjdk-git\hotspot\src\share\vm\prims\jni.cpp, line 710]
Event: 127.237 Thread 0x000000001dcaa000 Exception <a 'sun/nio/fs/WindowsException'> (0x00000000e04aa2e8) thrown at [C:\src\AOSP-openjdk-git\hotspot\src\share\vm\prims\jni.cpp, line 710]
Event: 128.946 Thread 0x000000001dcaa000 Exception <a 'sun/nio/fs/WindowsException'> (0x00000000e2e04e68) thrown at [C:\src\AOSP-openjdk-git\hotspot\src\share\vm\prims\jni.cpp, line 710]
Event: 130.761 Thread 0x000000001dcaa000 Exception <a 'sun/nio/fs/WindowsException'> (0x00000000e6a494d8) thrown at [C:\src\AOSP-openjdk-git\hotspot\src\share\vm\prims\jni.cpp, line 710]
Event: 131.018 Thread 0x000000001dca6000 Implicit null exception at 0x0000000002f4ee4f to 0x0000000002f4efb9
Event: 131.300 Thread 0x000000001dcae800 Exception <a 'sun/nio/fs/WindowsException'> (0x00000000e9563cc8) thrown at [C:\src\AOSP-openjdk-git\hotspot\src\share\vm\prims\jni.cpp, line 710]
Event: 131.646 Thread 0x000000001dca6000 Exception <a 'sun/nio/fs/WindowsException'> (0x00000000e923a250) thrown at [C:\src\AOSP-openjdk-git\hotspot\src\share\vm\prims\jni.cpp, line 710]

Events (10 events):
Event: 132.516 Executing VM operation: RevokeBias done
Event: 132.516 Executing VM operation: RevokeBias
Event: 132.517 Executing VM operation: RevokeBias done
Event: 132.517 Executing VM operation: RevokeBias
Event: 132.517 Executing VM operation: RevokeBias done
Event: 132.517 Executing VM operation: RevokeBias
Event: 132.518 Executing VM operation: RevokeBias done
Event: 132.518 Executing VM operation: BulkRevokeBias
Event: 132.522 Executing VM operation: BulkRevokeBias done
Event: 132.565 Thread 0x000000001942d000 flushing nmethod 0x0000000002a35fd0


Dynamic libraries:
0x00007ff70dfd0000 - 0x00007ff70e001000 	C:\Program Files\Android\Android Studio1\jre\bin\java.exe
0x00007ff88fb60000 - 0x00007ff88fd50000 	C:\windows\SYSTEM32\ntdll.dll
0x00007ff88ee90000 - 0x00007ff88ef42000 	C:\windows\System32\KERNEL32.DLL
0x00007ff88ccc0000 - 0x00007ff88cf64000 	C:\windows\System32\KERNELBASE.dll
0x00007ff88df80000 - 0x00007ff88e023000 	C:\windows\System32\ADVAPI32.dll
0x00007ff88fa80000 - 0x00007ff88fb1e000 	C:\windows\System32\msvcrt.dll
0x00007ff88f090000 - 0x00007ff88f127000 	C:\windows\System32\sechost.dll
0x00007ff88ebd0000 - 0x00007ff88ecf0000 	C:\windows\System32\RPCRT4.dll
0x00007ff88f1b0000 - 0x00007ff88f344000 	C:\windows\System32\USER32.dll
0x00007ff88dac0000 - 0x00007ff88dae1000 	C:\windows\System32\win32u.dll
0x00007ff88fa20000 - 0x00007ff88fa46000 	C:\windows\System32\GDI32.dll
0x00007ff88cf70000 - 0x00007ff88d105000 	C:\windows\System32\gdi32full.dll
0x00007ff88db70000 - 0x00007ff88dc0e000 	C:\windows\System32\msvcp_win.dll
0x00007ff88caf0000 - 0x00007ff88cbea000 	C:\windows\System32\ucrtbase.dll
0x00007ff874ad0000 - 0x00007ff874d54000 	C:\windows\WinSxS\amd64_microsoft.windows.common-controls_6595b64144ccf1df_6.0.18362.900_none_e6beb9d913147d17\COMCTL32.dll
0x00007ff88dc20000 - 0x00007ff88df55000 	C:\windows\System32\combase.dll
0x00007ff88daf0000 - 0x00007ff88db70000 	C:\windows\System32\bcryptPrimitives.dll
0x00007ff88fa50000 - 0x00007ff88fa7e000 	C:\windows\System32\IMM32.DLL
0x00000000503c0000 - 0x0000000050492000 	C:\Program Files\Android\Android Studio1\jre\jre\bin\msvcr100.dll
0x0000000076150000 - 0x000000007699b000 	C:\Program Files\Android\Android Studio1\jre\jre\bin\server\jvm.dll
0x00007ff88dc10000 - 0x00007ff88dc18000 	C:\windows\System32\PSAPI.DLL
0x00007ff88a490000 - 0x00007ff88a499000 	C:\windows\SYSTEM32\WSOCK32.dll
0x00007ff88ed50000 - 0x00007ff88edbf000 	C:\windows\System32\WS2_32.dll
0x00007ff889f60000 - 0x00007ff889f84000 	C:\windows\SYSTEM32\WINMM.dll
0x00007ff885460000 - 0x00007ff88546a000 	C:\windows\SYSTEM32\VERSION.dll
0x00007ff889d50000 - 0x00007ff889d7d000 	C:\windows\SYSTEM32\WINMMBASE.dll
0x00007ff88cc10000 - 0x00007ff88cc5a000 	C:\windows\System32\cfgmgr32.dll
0x00007ff886dc0000 - 0x00007ff886dcf000 	C:\Program Files\Android\Android Studio1\jre\jre\bin\verify.dll
0x00007ff885b10000 - 0x00007ff885b39000 	C:\Program Files\Android\Android Studio1\jre\jre\bin\java.dll
0x00007ff886810000 - 0x00007ff886826000 	C:\Program Files\Android\Android Studio1\jre\jre\bin\zip.dll
0x00007ff88e4e0000 - 0x00007ff88ebc6000 	C:\windows\System32\SHELL32.dll
0x00007ff88f3d0000 - 0x00007ff88f479000 	C:\windows\System32\shcore.dll
0x00007ff88d340000 - 0x00007ff88dac0000 	C:\windows\System32\windows.storage.dll
0x00007ff88cac0000 - 0x00007ff88cae3000 	C:\windows\System32\profapi.dll
0x00007ff88ca50000 - 0x00007ff88ca9a000 	C:\windows\System32\powrprof.dll
0x00007ff88ca20000 - 0x00007ff88ca30000 	C:\windows\System32\UMPDC.dll
0x00007ff88f8f0000 - 0x00007ff88f942000 	C:\windows\System32\shlwapi.dll
0x00007ff88caa0000 - 0x00007ff88cab1000 	C:\windows\System32\kernel.appcore.dll
0x00007ff88cbf0000 - 0x00007ff88cc07000 	C:\windows\System32\cryptsp.dll
0x00007ff885af0000 - 0x00007ff885b0a000 	C:\Program Files\Android\Android Studio1\jre\jre\bin\net.dll
0x00007ff88c290000 - 0x00007ff88c2f7000 	C:\windows\system32\mswsock.dll
0x00007ff885a00000 - 0x00007ff885a13000 	C:\Program Files\Android\Android Studio1\jre\jre\bin\nio.dll
0x00007ff86e5a0000 - 0x00007ff86e5c6000 	C:\Users\Kartik\.gradle\native\31\windows-amd64\native-platform.dll
0x00007ff886c40000 - 0x00007ff886c4d000 	C:\Program Files\Android\Android Studio1\jre\jre\bin\management.dll
0x00007ff88be00000 - 0x00007ff88be33000 	C:\windows\system32\rsaenh.dll
0x00007ff88d110000 - 0x00007ff88d136000 	C:\windows\System32\bcrypt.dll
0x00007ff88c940000 - 0x00007ff88c965000 	C:\windows\SYSTEM32\USERENV.dll
0x00007ff88c550000 - 0x00007ff88c55c000 	C:\windows\SYSTEM32\CRYPTBASE.dll
0x00007ff88bfa0000 - 0x00007ff88bfda000 	C:\windows\SYSTEM32\IPHLPAPI.DLL
0x00007ff88fa10000 - 0x00007ff88fa18000 	C:\windows\System32\NSI.dll
0x00007ff881ad0000 - 0x00007ff881ae6000 	C:\windows\SYSTEM32\dhcpcsvc6.DLL
0x00007ff881a70000 - 0x00007ff881a8c000 	C:\windows\SYSTEM32\dhcpcsvc.DLL
0x00007ff88bfe0000 - 0x00007ff88c0ab000 	C:\windows\SYSTEM32\DNSAPI.dll

VM Arguments:
jvm_args: -Xmx2048M -Dfile.encoding=UTF-8 -Duser.country=IN -Duser.language=en -Duser.variant 
java_command: org.gradle.launcher.daemon.bootstrap.GradleDaemon 6.1.1
java_class_path (initial): C:\Users\Kartik\.gradle\wrapper\dists\gradle-6.1.1-all\cfmwm155h49vnt3hynmlrsdst\gradle-6.1.1\lib\gradle-launcher-6.1.1.jar
Launcher Type: SUN_STANDARD

Environment Variables:
JAVA_HOME=C:\Program Files\Android\Jdk\microsoft_dist_openjdk_1.8.0.25
PATH=C:\Program Files (x86)\Common Files\Oracle\Java\javapath;C:\windows\system32;C:\windows;C:\windows\System32\Wbem;C:\windows\System32\WindowsPowerShell\v1.0\;C:\windows\System32\OpenSSH\;C:\Users\Kartik\AppData\Local\Android\Sdk\platforms;C:\Users\Kartik\AppData\Local\Android\Sdk\platform-tools;C:\Program Files\dotnet\;C:\Program Files (x86)\Windows Kits\10\Windows Performance Toolkit\;C:\Program Files\Git\cmd;C:\Users\Kartik\AppData\Local\Microsoft\WindowsApps;C:\Users\Kartik\AppData\Local\GitHubDesktop\bin;C:\Users\Kartik\AppData\Local\Programs\Microsoft VS Code\bin;C:\Program Files\JetBrains\IntelliJ IDEA Educational Edition 2020.1\bin;
USERNAME=Kartik
OS=Windows_NT
PROCESSOR_IDENTIFIER=AMD64 Family 23 Model 24 Stepping 1, AuthenticAMD



---------------  S Y S T E M  ---------------

OS: Windows 10.0 , 64 bit Build 18362 (10.0.18362.900)

CPU:total 8 (initial active 8) (8 cores per cpu, 1 threads per core) family 23 model 24 stepping 1, cmov, cx8, fxsr, mmx, sse, sse2, sse3, ssse3, sse4.1, sse4.2, popcnt, avx, avx2, aes, clmul, mmxext, 3dnowpref, lzcnt, sse4a, tsc, tscinvbit, tscinv, bmi1

Memory: 4k page, physical 6162652k(174044k free), swap 25037020k(1132k free)

vm_info: OpenJDK 64-Bit Server VM (25.242-b01) for windows-amd64 JRE (1.8.0_242-release-1644-b01), built by "builder" with MS VC++ 10.0 (VS2010)

time: Wed Jul 15 10:29:37 2020
timezone: India Standard Time
elapsed time: 133 seconds (0d 0h 2m 13s)

